<?xml version="1.0" encoding="UTF-8"?>
<!-- Generated by org.testng.reporters.JUnitReportReporter -->
<testsuite hostname="DESKTOP-4FJ4BMF" failures="0" tests="1" name="com.crm.mavenpractice.CreateOrgTest" time="0.019" errors="0" timestamp="2021-11-10T17:05:09 IST" skipped="0">
  <testcase classname="com.crm.mavenpractice.CreateOrgTest" name="testOrg" time="0.019"/>
  <system-out/>
</testsuite> <!-- com.crm.mavenpractice.CreateOrgTest -->
