<?xml version="1.0" encoding="UTF-8"?>
<!-- Generated by org.testng.reporters.JUnitReportReporter -->
<testsuite hostname="DESKTOP-4FJ4BMF" failures="0" tests="1" name="com.crm.mavenpractice.LoginDataTest" time="0.016" errors="0" timestamp="2021-11-12T18:38:33 IST" skipped="0">
  <testcase classname="com.crm.mavenpractice.LoginDataTest" name="testData" time="0.016"/>
  <system-out/>
</testsuite> <!-- com.crm.mavenpractice.LoginDataTest -->
